[2018-05-03T00:00:49,864][INFO ][o.e.n.Node               ] [Z417L_e] stopping ...
[2018-05-03T00:00:50,064][INFO ][o.e.n.Node               ] [Z417L_e] stopped
[2018-05-03T00:00:50,065][INFO ][o.e.n.Node               ] [Z417L_e] closing ...
[2018-05-03T00:00:50,125][INFO ][o.e.n.Node               ] [Z417L_e] closed
[2018-05-03T18:13:01,435][INFO ][o.e.n.Node               ] [] initializing ...
[2018-05-03T18:13:01,909][INFO ][o.e.e.NodeEnvironment    ] [Z417L_e] using [1] data paths, mounts [[/ (/dev/sda6)]], net usable_space [196.7gb], net total_space [274gb], spins? [possibly], types [ext4]
[2018-05-03T18:13:01,910][INFO ][o.e.e.NodeEnvironment    ] [Z417L_e] heap size [1.9gb], compressed ordinary object pointers [true]
[2018-05-03T18:13:02,060][INFO ][o.e.n.Node               ] [Z417L_e] node name [Z417L_e] derived from node ID; set [node.name] to override
[2018-05-03T18:13:02,077][INFO ][o.e.n.Node               ] [Z417L_e] version[5.0.2], pid[12402], build[f6b4951/2016-11-24T10:07:18.101Z], OS[Linux/4.15.0-20-generic/amd64], JVM[Oracle Corporation/Java HotSpot(TM) 64-Bit Server VM/1.8.0_131/25.131-b11]
[2018-05-03T18:13:03,742][INFO ][o.e.p.PluginsService     ] [Z417L_e] loaded module [aggs-matrix-stats]
[2018-05-03T18:13:03,742][INFO ][o.e.p.PluginsService     ] [Z417L_e] loaded module [ingest-common]
[2018-05-03T18:13:03,742][INFO ][o.e.p.PluginsService     ] [Z417L_e] loaded module [lang-expression]
[2018-05-03T18:13:03,742][INFO ][o.e.p.PluginsService     ] [Z417L_e] loaded module [lang-groovy]
[2018-05-03T18:13:03,742][INFO ][o.e.p.PluginsService     ] [Z417L_e] loaded module [lang-mustache]
[2018-05-03T18:13:03,742][INFO ][o.e.p.PluginsService     ] [Z417L_e] loaded module [lang-painless]
[2018-05-03T18:13:03,742][INFO ][o.e.p.PluginsService     ] [Z417L_e] loaded module [percolator]
[2018-05-03T18:13:03,742][INFO ][o.e.p.PluginsService     ] [Z417L_e] loaded module [reindex]
[2018-05-03T18:13:03,742][INFO ][o.e.p.PluginsService     ] [Z417L_e] loaded module [transport-netty3]
[2018-05-03T18:13:03,743][INFO ][o.e.p.PluginsService     ] [Z417L_e] loaded module [transport-netty4]
[2018-05-03T18:13:03,743][INFO ][o.e.p.PluginsService     ] [Z417L_e] no plugins loaded
[2018-05-03T18:13:08,872][INFO ][o.e.n.Node               ] [Z417L_e] initialized
[2018-05-03T18:13:08,872][INFO ][o.e.n.Node               ] [Z417L_e] starting ...
[2018-05-03T18:13:09,224][INFO ][o.e.t.TransportService   ] [Z417L_e] publish_address {127.0.0.1:9300}, bound_addresses {[::1]:9300}, {127.0.0.1:9300}
[2018-05-03T18:13:09,229][WARN ][o.e.b.BootstrapCheck     ] [Z417L_e] max file descriptors [4096] for elasticsearch process is too low, increase to at least [65536]
[2018-05-03T18:13:09,229][WARN ][o.e.b.BootstrapCheck     ] [Z417L_e] max virtual memory areas vm.max_map_count [65530] is too low, increase to at least [262144]
[2018-05-03T18:13:12,339][INFO ][o.e.c.s.ClusterService   ] [Z417L_e] new_master {Z417L_e}{Z417L_eWTuWekqjU44BSpg}{DDkZ9n4cQaC2S7SJuBN6NQ}{127.0.0.1}{127.0.0.1:9300}, reason: zen-disco-elected-as-master ([0] nodes joined)
[2018-05-03T18:13:12,476][INFO ][o.e.h.HttpServer         ] [Z417L_e] publish_address {127.0.0.1:9200}, bound_addresses {[::1]:9200}, {127.0.0.1:9200}
[2018-05-03T18:13:12,476][INFO ][o.e.n.Node               ] [Z417L_e] started
[2018-05-03T18:13:14,728][INFO ][o.e.g.GatewayService     ] [Z417L_e] recovered [6] indices into cluster_state
[2018-05-03T18:13:28,412][INFO ][o.e.c.r.a.AllocationService] [Z417L_e] Cluster health status changed from [RED] to [YELLOW] (reason: [shards started [[app][4]] ...]).
[2018-05-03T20:10:34,637][INFO ][o.e.n.Node               ] [Z417L_e] stopping ...
[2018-05-03T20:10:34,788][INFO ][o.e.n.Node               ] [Z417L_e] stopped
[2018-05-03T20:10:34,788][INFO ][o.e.n.Node               ] [Z417L_e] closing ...
[2018-05-03T20:10:34,811][INFO ][o.e.n.Node               ] [Z417L_e] closed
