[2018-06-19T23:21:10,081][INFO ][o.e.n.Node               ] [] initializing ...
[2018-06-19T23:21:10,555][INFO ][o.e.e.NodeEnvironment    ] [Z417L_e] using [1] data paths, mounts [[/ (/dev/sda4)]], net usable_space [1003.3mb], net total_space [36.1gb], spins? [possibly], types [ext4]
[2018-06-19T23:21:10,557][INFO ][o.e.e.NodeEnvironment    ] [Z417L_e] heap size [483.3mb], compressed ordinary object pointers [true]
[2018-06-19T23:21:10,970][INFO ][o.e.n.Node               ] [Z417L_e] node name [Z417L_e] derived from node ID; set [node.name] to override
[2018-06-19T23:21:11,002][INFO ][o.e.n.Node               ] [Z417L_e] version[5.0.2], pid[3612], build[f6b4951/2016-11-24T10:07:18.101Z], OS[Linux/4.4.0-128-generic/amd64], JVM[Oracle Corporation/Java HotSpot(TM) 64-Bit Server VM/1.8.0_60/25.60-b23]
[2018-06-19T23:21:13,402][INFO ][o.e.p.PluginsService     ] [Z417L_e] loaded module [aggs-matrix-stats]
[2018-06-19T23:21:13,402][INFO ][o.e.p.PluginsService     ] [Z417L_e] loaded module [ingest-common]
[2018-06-19T23:21:13,402][INFO ][o.e.p.PluginsService     ] [Z417L_e] loaded module [lang-expression]
[2018-06-19T23:21:13,402][INFO ][o.e.p.PluginsService     ] [Z417L_e] loaded module [lang-groovy]
[2018-06-19T23:21:13,402][INFO ][o.e.p.PluginsService     ] [Z417L_e] loaded module [lang-mustache]
[2018-06-19T23:21:13,402][INFO ][o.e.p.PluginsService     ] [Z417L_e] loaded module [lang-painless]
[2018-06-19T23:21:13,403][INFO ][o.e.p.PluginsService     ] [Z417L_e] loaded module [percolator]
[2018-06-19T23:21:13,403][INFO ][o.e.p.PluginsService     ] [Z417L_e] loaded module [reindex]
[2018-06-19T23:21:13,403][INFO ][o.e.p.PluginsService     ] [Z417L_e] loaded module [transport-netty3]
[2018-06-19T23:21:13,403][INFO ][o.e.p.PluginsService     ] [Z417L_e] loaded module [transport-netty4]
[2018-06-19T23:21:13,404][INFO ][o.e.p.PluginsService     ] [Z417L_e] no plugins loaded
[2018-06-19T23:21:18,299][INFO ][o.e.n.Node               ] [Z417L_e] initialized
[2018-06-19T23:21:18,300][INFO ][o.e.n.Node               ] [Z417L_e] starting ...
[2018-06-19T23:21:18,665][INFO ][o.e.t.TransportService   ] [Z417L_e] publish_address {127.0.0.1:9300}, bound_addresses {[::1]:9300}, {127.0.0.1:9300}
[2018-06-19T23:21:18,670][WARN ][o.e.b.BootstrapCheck     ] [Z417L_e] max virtual memory areas vm.max_map_count [65530] is too low, increase to at least [262144]
[2018-06-19T23:21:21,804][INFO ][o.e.c.s.ClusterService   ] [Z417L_e] new_master {Z417L_e}{Z417L_eWTuWekqjU44BSpg}{e2T-5TlnSJK1CDdhFTqFMw}{127.0.0.1}{127.0.0.1:9300}, reason: zen-disco-elected-as-master ([0] nodes joined)
[2018-06-19T23:21:21,945][INFO ][o.e.h.HttpServer         ] [Z417L_e] publish_address {127.0.0.1:9200}, bound_addresses {[::1]:9200}, {127.0.0.1:9200}
[2018-06-19T23:21:21,945][INFO ][o.e.n.Node               ] [Z417L_e] started
[2018-06-19T23:21:23,842][INFO ][o.e.g.GatewayService     ] [Z417L_e] recovered [8] indices into cluster_state
[2018-06-19T23:21:35,602][INFO ][o.e.c.r.a.AllocationService] [Z417L_e] Cluster health status changed from [RED] to [YELLOW] (reason: [shards started [[kandy][1]] ...]).
[2018-06-19T23:21:51,944][WARN ][o.e.c.r.a.DiskThresholdMonitor] [Z417L_e] high disk watermark [90%] exceeded on [Z417L_eWTuWekqjU44BSpg][Z417L_e][/home/isura/Documents/elasticsearch-5.0.2/data/nodes/0] free: 1002mb[2.7%], shards will be relocated away from this node
[2018-06-19T23:21:51,945][INFO ][o.e.c.r.a.DiskThresholdMonitor] [Z417L_e] rerouting shards: [high disk watermark exceeded on one or more nodes]
[2018-06-19T23:22:22,082][WARN ][o.e.c.r.a.DiskThresholdMonitor] [Z417L_e] high disk watermark [90%] exceeded on [Z417L_eWTuWekqjU44BSpg][Z417L_e][/home/isura/Documents/elasticsearch-5.0.2/data/nodes/0] free: 1002mb[2.7%], shards will be relocated away from this node
[2018-06-19T23:22:52,165][WARN ][o.e.c.r.a.DiskThresholdMonitor] [Z417L_e] high disk watermark [90%] exceeded on [Z417L_eWTuWekqjU44BSpg][Z417L_e][/home/isura/Documents/elasticsearch-5.0.2/data/nodes/0] free: 1000.4mb[2.7%], shards will be relocated away from this node
[2018-06-19T23:22:52,166][INFO ][o.e.c.r.a.DiskThresholdMonitor] [Z417L_e] rerouting shards: [high disk watermark exceeded on one or more nodes]
[2018-06-19T23:23:22,215][WARN ][o.e.c.r.a.DiskThresholdMonitor] [Z417L_e] high disk watermark [90%] exceeded on [Z417L_eWTuWekqjU44BSpg][Z417L_e][/home/isura/Documents/elasticsearch-5.0.2/data/nodes/0] free: 1000.2mb[2.6%], shards will be relocated away from this node
[2018-06-19T23:23:52,288][WARN ][o.e.c.r.a.DiskThresholdMonitor] [Z417L_e] high disk watermark [90%] exceeded on [Z417L_eWTuWekqjU44BSpg][Z417L_e][/home/isura/Documents/elasticsearch-5.0.2/data/nodes/0] free: 998.4mb[2.6%], shards will be relocated away from this node
[2018-06-19T23:23:52,288][INFO ][o.e.c.r.a.DiskThresholdMonitor] [Z417L_e] rerouting shards: [high disk watermark exceeded on one or more nodes]
[2018-06-19T23:24:22,309][WARN ][o.e.c.r.a.DiskThresholdMonitor] [Z417L_e] high disk watermark [90%] exceeded on [Z417L_eWTuWekqjU44BSpg][Z417L_e][/home/isura/Documents/elasticsearch-5.0.2/data/nodes/0] free: 996.8mb[2.6%], shards will be relocated away from this node
[2018-06-19T23:24:52,338][WARN ][o.e.c.r.a.DiskThresholdMonitor] [Z417L_e] high disk watermark [90%] exceeded on [Z417L_eWTuWekqjU44BSpg][Z417L_e][/home/isura/Documents/elasticsearch-5.0.2/data/nodes/0] free: 996mb[2.6%], shards will be relocated away from this node
[2018-06-19T23:24:52,338][INFO ][o.e.c.r.a.DiskThresholdMonitor] [Z417L_e] rerouting shards: [high disk watermark exceeded on one or more nodes]
[2018-06-19T23:25:22,357][WARN ][o.e.c.r.a.DiskThresholdMonitor] [Z417L_e] high disk watermark [90%] exceeded on [Z417L_eWTuWekqjU44BSpg][Z417L_e][/home/isura/Documents/elasticsearch-5.0.2/data/nodes/0] free: 994.8mb[2.6%], shards will be relocated away from this node
[2018-06-19T23:25:52,382][WARN ][o.e.c.r.a.DiskThresholdMonitor] [Z417L_e] high disk watermark [90%] exceeded on [Z417L_eWTuWekqjU44BSpg][Z417L_e][/home/isura/Documents/elasticsearch-5.0.2/data/nodes/0] free: 995.8mb[2.6%], shards will be relocated away from this node
[2018-06-19T23:25:52,383][INFO ][o.e.c.r.a.DiskThresholdMonitor] [Z417L_e] rerouting shards: [high disk watermark exceeded on one or more nodes]
[2018-06-19T23:26:22,435][WARN ][o.e.c.r.a.DiskThresholdMonitor] [Z417L_e] high disk watermark [90%] exceeded on [Z417L_eWTuWekqjU44BSpg][Z417L_e][/home/isura/Documents/elasticsearch-5.0.2/data/nodes/0] free: 993.7mb[2.6%], shards will be relocated away from this node
[2018-06-19T23:26:52,458][WARN ][o.e.c.r.a.DiskThresholdMonitor] [Z417L_e] high disk watermark [90%] exceeded on [Z417L_eWTuWekqjU44BSpg][Z417L_e][/home/isura/Documents/elasticsearch-5.0.2/data/nodes/0] free: 993.5mb[2.6%], shards will be relocated away from this node
[2018-06-19T23:26:52,459][INFO ][o.e.c.r.a.DiskThresholdMonitor] [Z417L_e] rerouting shards: [high disk watermark exceeded on one or more nodes]
[2018-06-19T23:27:22,536][WARN ][o.e.c.r.a.DiskThresholdMonitor] [Z417L_e] high disk watermark [90%] exceeded on [Z417L_eWTuWekqjU44BSpg][Z417L_e][/home/isura/Documents/elasticsearch-5.0.2/data/nodes/0] free: 993mb[2.6%], shards will be relocated away from this node
[2018-06-19T23:27:52,576][WARN ][o.e.c.r.a.DiskThresholdMonitor] [Z417L_e] high disk watermark [90%] exceeded on [Z417L_eWTuWekqjU44BSpg][Z417L_e][/home/isura/Documents/elasticsearch-5.0.2/data/nodes/0] free: 993mb[2.6%], shards will be relocated away from this node
[2018-06-19T23:27:52,576][INFO ][o.e.c.r.a.DiskThresholdMonitor] [Z417L_e] rerouting shards: [high disk watermark exceeded on one or more nodes]
[2018-06-19T23:28:22,640][WARN ][o.e.c.r.a.DiskThresholdMonitor] [Z417L_e] high disk watermark [90%] exceeded on [Z417L_eWTuWekqjU44BSpg][Z417L_e][/home/isura/Documents/elasticsearch-5.0.2/data/nodes/0] free: 992.2mb[2.6%], shards will be relocated away from this node
[2018-06-19T23:28:52,680][WARN ][o.e.c.r.a.DiskThresholdMonitor] [Z417L_e] high disk watermark [90%] exceeded on [Z417L_eWTuWekqjU44BSpg][Z417L_e][/home/isura/Documents/elasticsearch-5.0.2/data/nodes/0] free: 1001.6mb[2.7%], shards will be relocated away from this node
[2018-06-19T23:28:52,681][INFO ][o.e.c.r.a.DiskThresholdMonitor] [Z417L_e] rerouting shards: [high disk watermark exceeded on one or more nodes]
[2018-06-19T23:29:22,748][WARN ][o.e.c.r.a.DiskThresholdMonitor] [Z417L_e] high disk watermark [90%] exceeded on [Z417L_eWTuWekqjU44BSpg][Z417L_e][/home/isura/Documents/elasticsearch-5.0.2/data/nodes/0] free: 1001.6mb[2.7%], shards will be relocated away from this node
[2018-06-19T23:29:52,785][WARN ][o.e.c.r.a.DiskThresholdMonitor] [Z417L_e] high disk watermark [90%] exceeded on [Z417L_eWTuWekqjU44BSpg][Z417L_e][/home/isura/Documents/elasticsearch-5.0.2/data/nodes/0] free: 1001.6mb[2.7%], shards will be relocated away from this node
[2018-06-19T23:29:52,787][INFO ][o.e.c.r.a.DiskThresholdMonitor] [Z417L_e] rerouting shards: [high disk watermark exceeded on one or more nodes]
[2018-06-19T23:30:22,819][WARN ][o.e.c.r.a.DiskThresholdMonitor] [Z417L_e] high disk watermark [90%] exceeded on [Z417L_eWTuWekqjU44BSpg][Z417L_e][/home/isura/Documents/elasticsearch-5.0.2/data/nodes/0] free: 1001.6mb[2.7%], shards will be relocated away from this node
[2018-06-19T23:30:52,857][WARN ][o.e.c.r.a.DiskThresholdMonitor] [Z417L_e] high disk watermark [90%] exceeded on [Z417L_eWTuWekqjU44BSpg][Z417L_e][/home/isura/Documents/elasticsearch-5.0.2/data/nodes/0] free: 1001.6mb[2.7%], shards will be relocated away from this node
[2018-06-19T23:30:52,858][INFO ][o.e.c.r.a.DiskThresholdMonitor] [Z417L_e] rerouting shards: [high disk watermark exceeded on one or more nodes]
[2018-06-19T23:31:22,892][WARN ][o.e.c.r.a.DiskThresholdMonitor] [Z417L_e] high disk watermark [90%] exceeded on [Z417L_eWTuWekqjU44BSpg][Z417L_e][/home/isura/Documents/elasticsearch-5.0.2/data/nodes/0] free: 1001.6mb[2.7%], shards will be relocated away from this node
[2018-06-19T23:31:52,951][WARN ][o.e.c.r.a.DiskThresholdMonitor] [Z417L_e] high disk watermark [90%] exceeded on [Z417L_eWTuWekqjU44BSpg][Z417L_e][/home/isura/Documents/elasticsearch-5.0.2/data/nodes/0] free: 1001.6mb[2.7%], shards will be relocated away from this node
[2018-06-19T23:31:52,951][INFO ][o.e.c.r.a.DiskThresholdMonitor] [Z417L_e] rerouting shards: [high disk watermark exceeded on one or more nodes]
[2018-06-19T23:32:23,009][WARN ][o.e.c.r.a.DiskThresholdMonitor] [Z417L_e] high disk watermark [90%] exceeded on [Z417L_eWTuWekqjU44BSpg][Z417L_e][/home/isura/Documents/elasticsearch-5.0.2/data/nodes/0] free: 1001.6mb[2.7%], shards will be relocated away from this node
[2018-06-19T23:32:53,033][WARN ][o.e.c.r.a.DiskThresholdMonitor] [Z417L_e] high disk watermark [90%] exceeded on [Z417L_eWTuWekqjU44BSpg][Z417L_e][/home/isura/Documents/elasticsearch-5.0.2/data/nodes/0] free: 1001.6mb[2.7%], shards will be relocated away from this node
[2018-06-19T23:32:53,034][INFO ][o.e.c.r.a.DiskThresholdMonitor] [Z417L_e] rerouting shards: [high disk watermark exceeded on one or more nodes]
[2018-06-19T23:33:23,107][WARN ][o.e.c.r.a.DiskThresholdMonitor] [Z417L_e] high disk watermark [90%] exceeded on [Z417L_eWTuWekqjU44BSpg][Z417L_e][/home/isura/Documents/elasticsearch-5.0.2/data/nodes/0] free: 1000.9mb[2.7%], shards will be relocated away from this node
[2018-06-19T23:33:53,179][WARN ][o.e.c.r.a.DiskThresholdMonitor] [Z417L_e] high disk watermark [90%] exceeded on [Z417L_eWTuWekqjU44BSpg][Z417L_e][/home/isura/Documents/elasticsearch-5.0.2/data/nodes/0] free: 1000.9mb[2.7%], shards will be relocated away from this node
[2018-06-19T23:33:53,180][INFO ][o.e.c.r.a.DiskThresholdMonitor] [Z417L_e] rerouting shards: [high disk watermark exceeded on one or more nodes]
[2018-06-19T23:34:23,218][WARN ][o.e.c.r.a.DiskThresholdMonitor] [Z417L_e] high disk watermark [90%] exceeded on [Z417L_eWTuWekqjU44BSpg][Z417L_e][/home/isura/Documents/elasticsearch-5.0.2/data/nodes/0] free: 1000.9mb[2.7%], shards will be relocated away from this node
[2018-06-19T23:34:53,252][WARN ][o.e.c.r.a.DiskThresholdMonitor] [Z417L_e] high disk watermark [90%] exceeded on [Z417L_eWTuWekqjU44BSpg][Z417L_e][/home/isura/Documents/elasticsearch-5.0.2/data/nodes/0] free: 1000.9mb[2.7%], shards will be relocated away from this node
[2018-06-19T23:34:53,252][INFO ][o.e.c.r.a.DiskThresholdMonitor] [Z417L_e] rerouting shards: [high disk watermark exceeded on one or more nodes]
[2018-06-19T23:35:23,293][WARN ][o.e.c.r.a.DiskThresholdMonitor] [Z417L_e] high disk watermark [90%] exceeded on [Z417L_eWTuWekqjU44BSpg][Z417L_e][/home/isura/Documents/elasticsearch-5.0.2/data/nodes/0] free: 1000.4mb[2.7%], shards will be relocated away from this node
[2018-06-19T23:35:53,300][WARN ][o.e.c.r.a.DiskThresholdMonitor] [Z417L_e] high disk watermark [90%] exceeded on [Z417L_eWTuWekqjU44BSpg][Z417L_e][/home/isura/Documents/elasticsearch-5.0.2/data/nodes/0] free: 999.3mb[2.6%], shards will be relocated away from this node
[2018-06-19T23:35:53,300][INFO ][o.e.c.r.a.DiskThresholdMonitor] [Z417L_e] rerouting shards: [high disk watermark exceeded on one or more nodes]
[2018-06-19T23:36:23,341][WARN ][o.e.c.r.a.DiskThresholdMonitor] [Z417L_e] high disk watermark [90%] exceeded on [Z417L_eWTuWekqjU44BSpg][Z417L_e][/home/isura/Documents/elasticsearch-5.0.2/data/nodes/0] free: 997.9mb[2.6%], shards will be relocated away from this node
[2018-06-19T23:36:53,377][WARN ][o.e.c.r.a.DiskThresholdMonitor] [Z417L_e] high disk watermark [90%] exceeded on [Z417L_eWTuWekqjU44BSpg][Z417L_e][/home/isura/Documents/elasticsearch-5.0.2/data/nodes/0] free: 998.6mb[2.6%], shards will be relocated away from this node
[2018-06-19T23:36:53,377][INFO ][o.e.c.r.a.DiskThresholdMonitor] [Z417L_e] rerouting shards: [high disk watermark exceeded on one or more nodes]
[2018-06-19T23:37:23,415][WARN ][o.e.c.r.a.DiskThresholdMonitor] [Z417L_e] high disk watermark [90%] exceeded on [Z417L_eWTuWekqjU44BSpg][Z417L_e][/home/isura/Documents/elasticsearch-5.0.2/data/nodes/0] free: 998.5mb[2.6%], shards will be relocated away from this node
[2018-06-19T23:37:53,431][WARN ][o.e.c.r.a.DiskThresholdMonitor] [Z417L_e] high disk watermark [90%] exceeded on [Z417L_eWTuWekqjU44BSpg][Z417L_e][/home/isura/Documents/elasticsearch-5.0.2/data/nodes/0] free: 998.4mb[2.6%], shards will be relocated away from this node
[2018-06-19T23:37:53,432][INFO ][o.e.c.r.a.DiskThresholdMonitor] [Z417L_e] rerouting shards: [high disk watermark exceeded on one or more nodes]
[2018-06-19T23:38:23,464][WARN ][o.e.c.r.a.DiskThresholdMonitor] [Z417L_e] high disk watermark [90%] exceeded on [Z417L_eWTuWekqjU44BSpg][Z417L_e][/home/isura/Documents/elasticsearch-5.0.2/data/nodes/0] free: 1001.2mb[2.7%], shards will be relocated away from this node
[2018-06-19T23:38:53,507][WARN ][o.e.c.r.a.DiskThresholdMonitor] [Z417L_e] high disk watermark [90%] exceeded on [Z417L_eWTuWekqjU44BSpg][Z417L_e][/home/isura/Documents/elasticsearch-5.0.2/data/nodes/0] free: 1001.2mb[2.7%], shards will be relocated away from this node
[2018-06-19T23:38:53,508][INFO ][o.e.c.r.a.DiskThresholdMonitor] [Z417L_e] rerouting shards: [high disk watermark exceeded on one or more nodes]
[2018-06-19T23:39:23,945][WARN ][o.e.c.r.a.DiskThresholdMonitor] [Z417L_e] high disk watermark [90%] exceeded on [Z417L_eWTuWekqjU44BSpg][Z417L_e][/home/isura/Documents/elasticsearch-5.0.2/data/nodes/0] free: 1001.2mb[2.7%], shards will be relocated away from this node
[2018-06-19T23:39:53,975][WARN ][o.e.c.r.a.DiskThresholdMonitor] [Z417L_e] high disk watermark [90%] exceeded on [Z417L_eWTuWekqjU44BSpg][Z417L_e][/home/isura/Documents/elasticsearch-5.0.2/data/nodes/0] free: 1001.2mb[2.7%], shards will be relocated away from this node
[2018-06-19T23:39:53,976][INFO ][o.e.c.r.a.DiskThresholdMonitor] [Z417L_e] rerouting shards: [high disk watermark exceeded on one or more nodes]
[2018-06-19T23:40:23,993][WARN ][o.e.c.r.a.DiskThresholdMonitor] [Z417L_e] high disk watermark [90%] exceeded on [Z417L_eWTuWekqjU44BSpg][Z417L_e][/home/isura/Documents/elasticsearch-5.0.2/data/nodes/0] free: 1001.2mb[2.7%], shards will be relocated away from this node
[2018-06-19T23:40:54,008][WARN ][o.e.c.r.a.DiskThresholdMonitor] [Z417L_e] high disk watermark [90%] exceeded on [Z417L_eWTuWekqjU44BSpg][Z417L_e][/home/isura/Documents/elasticsearch-5.0.2/data/nodes/0] free: 1001.2mb[2.7%], shards will be relocated away from this node
[2018-06-19T23:40:54,008][INFO ][o.e.c.r.a.DiskThresholdMonitor] [Z417L_e] rerouting shards: [high disk watermark exceeded on one or more nodes]
[2018-06-19T23:41:24,024][WARN ][o.e.c.r.a.DiskThresholdMonitor] [Z417L_e] high disk watermark [90%] exceeded on [Z417L_eWTuWekqjU44BSpg][Z417L_e][/home/isura/Documents/elasticsearch-5.0.2/data/nodes/0] free: 1001.2mb[2.7%], shards will be relocated away from this node
[2018-06-19T23:41:54,067][WARN ][o.e.c.r.a.DiskThresholdMonitor] [Z417L_e] high disk watermark [90%] exceeded on [Z417L_eWTuWekqjU44BSpg][Z417L_e][/home/isura/Documents/elasticsearch-5.0.2/data/nodes/0] free: 1001.1mb[2.7%], shards will be relocated away from this node
[2018-06-19T23:41:54,067][INFO ][o.e.c.r.a.DiskThresholdMonitor] [Z417L_e] rerouting shards: [high disk watermark exceeded on one or more nodes]
[2018-06-19T23:42:24,098][WARN ][o.e.c.r.a.DiskThresholdMonitor] [Z417L_e] high disk watermark [90%] exceeded on [Z417L_eWTuWekqjU44BSpg][Z417L_e][/home/isura/Documents/elasticsearch-5.0.2/data/nodes/0] free: 1001.1mb[2.7%], shards will be relocated away from this node
[2018-06-19T23:42:54,131][WARN ][o.e.c.r.a.DiskThresholdMonitor] [Z417L_e] high disk watermark [90%] exceeded on [Z417L_eWTuWekqjU44BSpg][Z417L_e][/home/isura/Documents/elasticsearch-5.0.2/data/nodes/0] free: 1001.1mb[2.7%], shards will be relocated away from this node
[2018-06-19T23:42:54,132][INFO ][o.e.c.r.a.DiskThresholdMonitor] [Z417L_e] rerouting shards: [high disk watermark exceeded on one or more nodes]
[2018-06-19T23:43:24,166][WARN ][o.e.c.r.a.DiskThresholdMonitor] [Z417L_e] high disk watermark [90%] exceeded on [Z417L_eWTuWekqjU44BSpg][Z417L_e][/home/isura/Documents/elasticsearch-5.0.2/data/nodes/0] free: 1001.2mb[2.7%], shards will be relocated away from this node
[2018-06-19T23:43:54,183][WARN ][o.e.c.r.a.DiskThresholdMonitor] [Z417L_e] high disk watermark [90%] exceeded on [Z417L_eWTuWekqjU44BSpg][Z417L_e][/home/isura/Documents/elasticsearch-5.0.2/data/nodes/0] free: 1001.2mb[2.7%], shards will be relocated away from this node
[2018-06-19T23:43:54,183][INFO ][o.e.c.r.a.DiskThresholdMonitor] [Z417L_e] rerouting shards: [high disk watermark exceeded on one or more nodes]
[2018-06-19T23:44:24,200][WARN ][o.e.c.r.a.DiskThresholdMonitor] [Z417L_e] high disk watermark [90%] exceeded on [Z417L_eWTuWekqjU44BSpg][Z417L_e][/home/isura/Documents/elasticsearch-5.0.2/data/nodes/0] free: 1001.2mb[2.7%], shards will be relocated away from this node
[2018-06-19T23:44:54,216][WARN ][o.e.c.r.a.DiskThresholdMonitor] [Z417L_e] high disk watermark [90%] exceeded on [Z417L_eWTuWekqjU44BSpg][Z417L_e][/home/isura/Documents/elasticsearch-5.0.2/data/nodes/0] free: 1009.2mb[2.7%], shards will be relocated away from this node
[2018-06-19T23:44:54,216][INFO ][o.e.c.r.a.DiskThresholdMonitor] [Z417L_e] rerouting shards: [high disk watermark exceeded on one or more nodes]
[2018-06-19T23:45:24,253][WARN ][o.e.c.r.a.DiskThresholdMonitor] [Z417L_e] high disk watermark [90%] exceeded on [Z417L_eWTuWekqjU44BSpg][Z417L_e][/home/isura/Documents/elasticsearch-5.0.2/data/nodes/0] free: 1009.2mb[2.7%], shards will be relocated away from this node
[2018-06-19T23:45:54,283][WARN ][o.e.c.r.a.DiskThresholdMonitor] [Z417L_e] high disk watermark [90%] exceeded on [Z417L_eWTuWekqjU44BSpg][Z417L_e][/home/isura/Documents/elasticsearch-5.0.2/data/nodes/0] free: 1009.2mb[2.7%], shards will be relocated away from this node
[2018-06-19T23:45:54,283][INFO ][o.e.c.r.a.DiskThresholdMonitor] [Z417L_e] rerouting shards: [high disk watermark exceeded on one or more nodes]
[2018-06-19T23:46:24,309][WARN ][o.e.c.r.a.DiskThresholdMonitor] [Z417L_e] high disk watermark [90%] exceeded on [Z417L_eWTuWekqjU44BSpg][Z417L_e][/home/isura/Documents/elasticsearch-5.0.2/data/nodes/0] free: 1009.2mb[2.7%], shards will be relocated away from this node
[2018-06-19T23:46:54,349][WARN ][o.e.c.r.a.DiskThresholdMonitor] [Z417L_e] high disk watermark [90%] exceeded on [Z417L_eWTuWekqjU44BSpg][Z417L_e][/home/isura/Documents/elasticsearch-5.0.2/data/nodes/0] free: 1009.2mb[2.7%], shards will be relocated away from this node
[2018-06-19T23:46:54,349][INFO ][o.e.c.r.a.DiskThresholdMonitor] [Z417L_e] rerouting shards: [high disk watermark exceeded on one or more nodes]
[2018-06-19T23:47:24,379][WARN ][o.e.c.r.a.DiskThresholdMonitor] [Z417L_e] high disk watermark [90%] exceeded on [Z417L_eWTuWekqjU44BSpg][Z417L_e][/home/isura/Documents/elasticsearch-5.0.2/data/nodes/0] free: 1009.2mb[2.7%], shards will be relocated away from this node
[2018-06-19T23:47:54,412][WARN ][o.e.c.r.a.DiskThresholdMonitor] [Z417L_e] high disk watermark [90%] exceeded on [Z417L_eWTuWekqjU44BSpg][Z417L_e][/home/isura/Documents/elasticsearch-5.0.2/data/nodes/0] free: 1008.7mb[2.7%], shards will be relocated away from this node
[2018-06-19T23:47:54,412][INFO ][o.e.c.r.a.DiskThresholdMonitor] [Z417L_e] rerouting shards: [high disk watermark exceeded on one or more nodes]
[2018-06-19T23:48:24,448][WARN ][o.e.c.r.a.DiskThresholdMonitor] [Z417L_e] high disk watermark [90%] exceeded on [Z417L_eWTuWekqjU44BSpg][Z417L_e][/home/isura/Documents/elasticsearch-5.0.2/data/nodes/0] free: 1008.1mb[2.7%], shards will be relocated away from this node
[2018-06-19T23:48:54,698][WARN ][o.e.c.r.a.DiskThresholdMonitor] [Z417L_e] high disk watermark [90%] exceeded on [Z417L_eWTuWekqjU44BSpg][Z417L_e][/home/isura/Documents/elasticsearch-5.0.2/data/nodes/0] free: 1008.1mb[2.7%], shards will be relocated away from this node
[2018-06-19T23:48:54,698][INFO ][o.e.c.r.a.DiskThresholdMonitor] [Z417L_e] rerouting shards: [high disk watermark exceeded on one or more nodes]
[2018-06-19T23:49:24,730][WARN ][o.e.c.r.a.DiskThresholdMonitor] [Z417L_e] high disk watermark [90%] exceeded on [Z417L_eWTuWekqjU44BSpg][Z417L_e][/home/isura/Documents/elasticsearch-5.0.2/data/nodes/0] free: 1006.5mb[2.7%], shards will be relocated away from this node
[2018-06-19T23:49:54,742][WARN ][o.e.c.r.a.DiskThresholdMonitor] [Z417L_e] high disk watermark [90%] exceeded on [Z417L_eWTuWekqjU44BSpg][Z417L_e][/home/isura/Documents/elasticsearch-5.0.2/data/nodes/0] free: 1006.5mb[2.7%], shards will be relocated away from this node
[2018-06-19T23:49:54,742][INFO ][o.e.c.r.a.DiskThresholdMonitor] [Z417L_e] rerouting shards: [high disk watermark exceeded on one or more nodes]
[2018-06-19T23:50:24,799][WARN ][o.e.c.r.a.DiskThresholdMonitor] [Z417L_e] high disk watermark [90%] exceeded on [Z417L_eWTuWekqjU44BSpg][Z417L_e][/home/isura/Documents/elasticsearch-5.0.2/data/nodes/0] free: 1006mb[2.7%], shards will be relocated away from this node
[2018-06-19T23:50:54,814][WARN ][o.e.c.r.a.DiskThresholdMonitor] [Z417L_e] high disk watermark [90%] exceeded on [Z417L_eWTuWekqjU44BSpg][Z417L_e][/home/isura/Documents/elasticsearch-5.0.2/data/nodes/0] free: 1006mb[2.7%], shards will be relocated away from this node
[2018-06-19T23:50:54,814][INFO ][o.e.c.r.a.DiskThresholdMonitor] [Z417L_e] rerouting shards: [high disk watermark exceeded on one or more nodes]
[2018-06-19T23:51:24,828][WARN ][o.e.c.r.a.DiskThresholdMonitor] [Z417L_e] high disk watermark [90%] exceeded on [Z417L_eWTuWekqjU44BSpg][Z417L_e][/home/isura/Documents/elasticsearch-5.0.2/data/nodes/0] free: 1005.4mb[2.7%], shards will be relocated away from this node
[2018-06-19T23:51:54,858][WARN ][o.e.c.r.a.DiskThresholdMonitor] [Z417L_e] high disk watermark [90%] exceeded on [Z417L_eWTuWekqjU44BSpg][Z417L_e][/home/isura/Documents/elasticsearch-5.0.2/data/nodes/0] free: 1007.6mb[2.7%], shards will be relocated away from this node
[2018-06-19T23:51:54,859][INFO ][o.e.c.r.a.DiskThresholdMonitor] [Z417L_e] rerouting shards: [high disk watermark exceeded on one or more nodes]
[2018-06-19T23:52:24,869][WARN ][o.e.c.r.a.DiskThresholdMonitor] [Z417L_e] high disk watermark [90%] exceeded on [Z417L_eWTuWekqjU44BSpg][Z417L_e][/home/isura/Documents/elasticsearch-5.0.2/data/nodes/0] free: 1006.3mb[2.7%], shards will be relocated away from this node
[2018-06-19T23:52:54,901][WARN ][o.e.c.r.a.DiskThresholdMonitor] [Z417L_e] high disk watermark [90%] exceeded on [Z417L_eWTuWekqjU44BSpg][Z417L_e][/home/isura/Documents/elasticsearch-5.0.2/data/nodes/0] free: 1005.1mb[2.7%], shards will be relocated away from this node
[2018-06-19T23:52:54,901][INFO ][o.e.c.r.a.DiskThresholdMonitor] [Z417L_e] rerouting shards: [high disk watermark exceeded on one or more nodes]
[2018-06-19T23:53:24,947][WARN ][o.e.c.r.a.DiskThresholdMonitor] [Z417L_e] high disk watermark [90%] exceeded on [Z417L_eWTuWekqjU44BSpg][Z417L_e][/home/isura/Documents/elasticsearch-5.0.2/data/nodes/0] free: 1005mb[2.7%], shards will be relocated away from this node
[2018-06-19T23:53:54,977][WARN ][o.e.c.r.a.DiskThresholdMonitor] [Z417L_e] high disk watermark [90%] exceeded on [Z417L_eWTuWekqjU44BSpg][Z417L_e][/home/isura/Documents/elasticsearch-5.0.2/data/nodes/0] free: 1004mb[2.7%], shards will be relocated away from this node
[2018-06-19T23:53:54,977][INFO ][o.e.c.r.a.DiskThresholdMonitor] [Z417L_e] rerouting shards: [high disk watermark exceeded on one or more nodes]
[2018-06-19T23:54:25,011][WARN ][o.e.c.r.a.DiskThresholdMonitor] [Z417L_e] high disk watermark [90%] exceeded on [Z417L_eWTuWekqjU44BSpg][Z417L_e][/home/isura/Documents/elasticsearch-5.0.2/data/nodes/0] free: 1008.9mb[2.7%], shards will be relocated away from this node
[2018-06-19T23:54:55,040][WARN ][o.e.c.r.a.DiskThresholdMonitor] [Z417L_e] high disk watermark [90%] exceeded on [Z417L_eWTuWekqjU44BSpg][Z417L_e][/home/isura/Documents/elasticsearch-5.0.2/data/nodes/0] free: 1008.9mb[2.7%], shards will be relocated away from this node
[2018-06-19T23:54:55,041][INFO ][o.e.c.r.a.DiskThresholdMonitor] [Z417L_e] rerouting shards: [high disk watermark exceeded on one or more nodes]
[2018-06-19T23:55:25,064][WARN ][o.e.c.r.a.DiskThresholdMonitor] [Z417L_e] high disk watermark [90%] exceeded on [Z417L_eWTuWekqjU44BSpg][Z417L_e][/home/isura/Documents/elasticsearch-5.0.2/data/nodes/0] free: 1008.9mb[2.7%], shards will be relocated away from this node
[2018-06-19T23:55:55,103][WARN ][o.e.c.r.a.DiskThresholdMonitor] [Z417L_e] high disk watermark [90%] exceeded on [Z417L_eWTuWekqjU44BSpg][Z417L_e][/home/isura/Documents/elasticsearch-5.0.2/data/nodes/0] free: 1007.4mb[2.7%], shards will be relocated away from this node
[2018-06-19T23:55:55,104][INFO ][o.e.c.r.a.DiskThresholdMonitor] [Z417L_e] rerouting shards: [high disk watermark exceeded on one or more nodes]
[2018-06-19T23:56:25,143][WARN ][o.e.c.r.a.DiskThresholdMonitor] [Z417L_e] high disk watermark [90%] exceeded on [Z417L_eWTuWekqjU44BSpg][Z417L_e][/home/isura/Documents/elasticsearch-5.0.2/data/nodes/0] free: 1006mb[2.7%], shards will be relocated away from this node
[2018-06-19T23:56:55,154][WARN ][o.e.c.r.a.DiskThresholdMonitor] [Z417L_e] high disk watermark [90%] exceeded on [Z417L_eWTuWekqjU44BSpg][Z417L_e][/home/isura/Documents/elasticsearch-5.0.2/data/nodes/0] free: 1005.8mb[2.7%], shards will be relocated away from this node
[2018-06-19T23:56:55,155][INFO ][o.e.c.r.a.DiskThresholdMonitor] [Z417L_e] rerouting shards: [high disk watermark exceeded on one or more nodes]
[2018-06-19T23:57:25,175][WARN ][o.e.c.r.a.DiskThresholdMonitor] [Z417L_e] high disk watermark [90%] exceeded on [Z417L_eWTuWekqjU44BSpg][Z417L_e][/home/isura/Documents/elasticsearch-5.0.2/data/nodes/0] free: 1005.1mb[2.7%], shards will be relocated away from this node
[2018-06-19T23:57:55,202][WARN ][o.e.c.r.a.DiskThresholdMonitor] [Z417L_e] high disk watermark [90%] exceeded on [Z417L_eWTuWekqjU44BSpg][Z417L_e][/home/isura/Documents/elasticsearch-5.0.2/data/nodes/0] free: 1003.7mb[2.7%], shards will be relocated away from this node
[2018-06-19T23:57:55,202][INFO ][o.e.c.r.a.DiskThresholdMonitor] [Z417L_e] rerouting shards: [high disk watermark exceeded on one or more nodes]
[2018-06-19T23:58:25,217][WARN ][o.e.c.r.a.DiskThresholdMonitor] [Z417L_e] high disk watermark [90%] exceeded on [Z417L_eWTuWekqjU44BSpg][Z417L_e][/home/isura/Documents/elasticsearch-5.0.2/data/nodes/0] free: 1006.9mb[2.7%], shards will be relocated away from this node
[2018-06-19T23:58:55,233][WARN ][o.e.c.r.a.DiskThresholdMonitor] [Z417L_e] high disk watermark [90%] exceeded on [Z417L_eWTuWekqjU44BSpg][Z417L_e][/home/isura/Documents/elasticsearch-5.0.2/data/nodes/0] free: 1006.8mb[2.7%], shards will be relocated away from this node
[2018-06-19T23:58:55,259][INFO ][o.e.c.r.a.DiskThresholdMonitor] [Z417L_e] rerouting shards: [high disk watermark exceeded on one or more nodes]
[2018-06-19T23:59:25,289][WARN ][o.e.c.r.a.DiskThresholdMonitor] [Z417L_e] high disk watermark [90%] exceeded on [Z417L_eWTuWekqjU44BSpg][Z417L_e][/home/isura/Documents/elasticsearch-5.0.2/data/nodes/0] free: 1006.3mb[2.7%], shards will be relocated away from this node
[2018-06-19T23:59:55,306][WARN ][o.e.c.r.a.DiskThresholdMonitor] [Z417L_e] high disk watermark [90%] exceeded on [Z417L_eWTuWekqjU44BSpg][Z417L_e][/home/isura/Documents/elasticsearch-5.0.2/data/nodes/0] free: 1005.8mb[2.7%], shards will be relocated away from this node
[2018-06-19T23:59:55,306][INFO ][o.e.c.r.a.DiskThresholdMonitor] [Z417L_e] rerouting shards: [high disk watermark exceeded on one or more nodes]
