[2018-05-26T16:08:08,030][INFO ][o.e.n.Node               ] [] initializing ...
[2018-05-26T16:08:56,936][INFO ][o.e.e.NodeEnvironment    ] [Z417L_e] using [1] data paths, mounts [[/ (/dev/sda6)]], net usable_space [182.9gb], net total_space [274gb], spins? [possibly], types [ext4]
[2018-05-26T16:08:56,937][INFO ][o.e.e.NodeEnvironment    ] [Z417L_e] heap size [1.9gb], compressed ordinary object pointers [true]
[2018-05-26T16:08:58,815][INFO ][o.e.n.Node               ] [Z417L_e] node name [Z417L_e] derived from node ID; set [node.name] to override
[2018-05-26T16:08:58,857][INFO ][o.e.n.Node               ] [Z417L_e] version[5.0.2], pid[2588], build[f6b4951/2016-11-24T10:07:18.101Z], OS[Linux/4.15.0-22-generic/amd64], JVM[Oracle Corporation/Java HotSpot(TM) 64-Bit Server VM/1.8.0_131/25.131-b11]
[2018-05-26T16:09:02,011][INFO ][o.e.p.PluginsService     ] [Z417L_e] loaded module [aggs-matrix-stats]
[2018-05-26T16:09:02,012][INFO ][o.e.p.PluginsService     ] [Z417L_e] loaded module [ingest-common]
[2018-05-26T16:09:02,012][INFO ][o.e.p.PluginsService     ] [Z417L_e] loaded module [lang-expression]
[2018-05-26T16:09:02,012][INFO ][o.e.p.PluginsService     ] [Z417L_e] loaded module [lang-groovy]
[2018-05-26T16:09:02,012][INFO ][o.e.p.PluginsService     ] [Z417L_e] loaded module [lang-mustache]
[2018-05-26T16:09:02,013][INFO ][o.e.p.PluginsService     ] [Z417L_e] loaded module [lang-painless]
[2018-05-26T16:09:02,017][INFO ][o.e.p.PluginsService     ] [Z417L_e] loaded module [percolator]
[2018-05-26T16:09:02,017][INFO ][o.e.p.PluginsService     ] [Z417L_e] loaded module [reindex]
[2018-05-26T16:09:02,018][INFO ][o.e.p.PluginsService     ] [Z417L_e] loaded module [transport-netty3]
[2018-05-26T16:09:02,018][INFO ][o.e.p.PluginsService     ] [Z417L_e] loaded module [transport-netty4]
[2018-05-26T16:09:02,020][INFO ][o.e.p.PluginsService     ] [Z417L_e] no plugins loaded
[2018-05-26T16:09:11,988][INFO ][o.e.n.Node               ] [Z417L_e] initialized
[2018-05-26T16:09:11,989][INFO ][o.e.n.Node               ] [Z417L_e] starting ...
[2018-05-26T16:09:12,751][INFO ][o.e.t.TransportService   ] [Z417L_e] publish_address {127.0.0.1:9300}, bound_addresses {[::1]:9300}, {127.0.0.1:9300}
[2018-05-26T16:09:12,774][WARN ][o.e.b.BootstrapCheck     ] [Z417L_e] max file descriptors [4096] for elasticsearch process is too low, increase to at least [65536]
[2018-05-26T16:09:12,775][WARN ][o.e.b.BootstrapCheck     ] [Z417L_e] max virtual memory areas vm.max_map_count [65530] is too low, increase to at least [262144]
[2018-05-26T16:09:15,892][INFO ][o.e.c.s.ClusterService   ] [Z417L_e] new_master {Z417L_e}{Z417L_eWTuWekqjU44BSpg}{GJrcYaz-RLm1Jj38zPSrSw}{127.0.0.1}{127.0.0.1:9300}, reason: zen-disco-elected-as-master ([0] nodes joined)
[2018-05-26T16:09:16,007][INFO ][o.e.h.HttpServer         ] [Z417L_e] publish_address {127.0.0.1:9200}, bound_addresses {[::1]:9200}, {127.0.0.1:9200}
[2018-05-26T16:09:16,007][INFO ][o.e.n.Node               ] [Z417L_e] started
[2018-05-26T16:09:17,883][INFO ][o.e.g.GatewayService     ] [Z417L_e] recovered [6] indices into cluster_state
[2018-05-26T16:09:32,895][INFO ][o.e.c.r.a.AllocationService] [Z417L_e] Cluster health status changed from [RED] to [YELLOW] (reason: [shards started [[app][3]] ...]).
[2018-05-26T16:22:17,722][INFO ][o.e.c.m.MetaDataCreateIndexService] [Z417L_e] [app] creating index, cause [api], templates [], shards [5]/[1], mappings [car, user]
[2018-05-26T16:39:12,002][INFO ][o.e.n.Node               ] [Z417L_e] stopping ...
[2018-05-26T16:39:12,067][INFO ][o.e.n.Node               ] [Z417L_e] stopped
[2018-05-26T16:39:12,068][INFO ][o.e.n.Node               ] [Z417L_e] closing ...
[2018-05-26T16:39:12,077][INFO ][o.e.n.Node               ] [Z417L_e] closed
[2018-05-26T16:54:12,733][INFO ][o.e.n.Node               ] [] initializing ...
[2018-05-26T16:54:13,118][INFO ][o.e.e.NodeEnvironment    ] [Z417L_e] using [1] data paths, mounts [[/ (/dev/sda6)]], net usable_space [182.7gb], net total_space [274gb], spins? [possibly], types [ext4]
[2018-05-26T16:54:13,119][INFO ][o.e.e.NodeEnvironment    ] [Z417L_e] heap size [1.9gb], compressed ordinary object pointers [true]
[2018-05-26T16:54:13,182][INFO ][o.e.n.Node               ] [Z417L_e] node name [Z417L_e] derived from node ID; set [node.name] to override
[2018-05-26T16:54:13,213][INFO ][o.e.n.Node               ] [Z417L_e] version[5.0.2], pid[4148], build[f6b4951/2016-11-24T10:07:18.101Z], OS[Linux/4.15.0-22-generic/amd64], JVM[Oracle Corporation/Java HotSpot(TM) 64-Bit Server VM/1.8.0_131/25.131-b11]
[2018-05-26T16:54:14,484][INFO ][o.e.p.PluginsService     ] [Z417L_e] loaded module [aggs-matrix-stats]
[2018-05-26T16:54:14,484][INFO ][o.e.p.PluginsService     ] [Z417L_e] loaded module [ingest-common]
[2018-05-26T16:54:14,485][INFO ][o.e.p.PluginsService     ] [Z417L_e] loaded module [lang-expression]
[2018-05-26T16:54:14,485][INFO ][o.e.p.PluginsService     ] [Z417L_e] loaded module [lang-groovy]
[2018-05-26T16:54:14,485][INFO ][o.e.p.PluginsService     ] [Z417L_e] loaded module [lang-mustache]
[2018-05-26T16:54:14,485][INFO ][o.e.p.PluginsService     ] [Z417L_e] loaded module [lang-painless]
[2018-05-26T16:54:14,485][INFO ][o.e.p.PluginsService     ] [Z417L_e] loaded module [percolator]
[2018-05-26T16:54:14,485][INFO ][o.e.p.PluginsService     ] [Z417L_e] loaded module [reindex]
[2018-05-26T16:54:14,485][INFO ][o.e.p.PluginsService     ] [Z417L_e] loaded module [transport-netty3]
[2018-05-26T16:54:14,485][INFO ][o.e.p.PluginsService     ] [Z417L_e] loaded module [transport-netty4]
[2018-05-26T16:54:14,486][INFO ][o.e.p.PluginsService     ] [Z417L_e] no plugins loaded
[2018-05-26T16:54:17,825][INFO ][o.e.n.Node               ] [Z417L_e] initialized
[2018-05-26T16:54:17,825][INFO ][o.e.n.Node               ] [Z417L_e] starting ...
[2018-05-26T16:54:18,127][INFO ][o.e.t.TransportService   ] [Z417L_e] publish_address {127.0.0.1:9300}, bound_addresses {[::1]:9300}, {127.0.0.1:9300}
[2018-05-26T16:54:18,132][WARN ][o.e.b.BootstrapCheck     ] [Z417L_e] max file descriptors [4096] for elasticsearch process is too low, increase to at least [65536]
[2018-05-26T16:54:18,132][WARN ][o.e.b.BootstrapCheck     ] [Z417L_e] max virtual memory areas vm.max_map_count [65530] is too low, increase to at least [262144]
[2018-05-26T16:54:21,350][INFO ][o.e.c.s.ClusterService   ] [Z417L_e] new_master {Z417L_e}{Z417L_eWTuWekqjU44BSpg}{34cvTcfoSNavn3tdiySCiQ}{127.0.0.1}{127.0.0.1:9300}, reason: zen-disco-elected-as-master ([0] nodes joined)
[2018-05-26T16:54:21,441][INFO ][o.e.h.HttpServer         ] [Z417L_e] publish_address {127.0.0.1:9200}, bound_addresses {[::1]:9200}, {127.0.0.1:9200}
[2018-05-26T16:54:21,441][INFO ][o.e.n.Node               ] [Z417L_e] started
[2018-05-26T16:54:22,459][INFO ][o.e.g.GatewayService     ] [Z417L_e] recovered [6] indices into cluster_state
[2018-05-26T16:54:30,102][INFO ][o.e.c.r.a.AllocationService] [Z417L_e] Cluster health status changed from [RED] to [YELLOW] (reason: [shards started [[kandy][3]] ...]).
[2018-05-26T17:32:55,647][INFO ][o.e.n.Node               ] [Z417L_e] stopping ...
[2018-05-26T17:32:55,946][INFO ][o.e.n.Node               ] [Z417L_e] stopped
[2018-05-26T17:32:55,953][INFO ][o.e.n.Node               ] [Z417L_e] closing ...
[2018-05-26T17:32:55,982][INFO ][o.e.n.Node               ] [Z417L_e] closed
