[2018-05-02T00:24:12,590][INFO ][o.e.c.m.MetaDataCreateIndexService] [Z417L_e] [cricket] creating index, cause [auto(bulk api)], templates [], shards [5]/[1], mappings []
[2018-05-02T00:24:14,030][INFO ][o.e.c.m.MetaDataMappingService] [Z417L_e] [cricket/pDTnvCveSlutvPGbT4uUEw] create_mapping [tweet]
[2018-05-02T01:32:51,419][INFO ][o.e.n.Node               ] [Z417L_e] stopping ...
[2018-05-02T01:32:51,482][INFO ][o.e.n.Node               ] [Z417L_e] stopped
[2018-05-02T01:32:51,482][INFO ][o.e.n.Node               ] [Z417L_e] closing ...
[2018-05-02T01:32:51,496][INFO ][o.e.n.Node               ] [Z417L_e] closed
[2018-05-02T17:59:42,421][INFO ][o.e.n.Node               ] [] initializing ...
[2018-05-02T17:59:42,933][INFO ][o.e.e.NodeEnvironment    ] [Z417L_e] using [1] data paths, mounts [[/ (/dev/sda6)]], net usable_space [196gb], net total_space [274gb], spins? [possibly], types [ext4]
[2018-05-02T17:59:42,934][INFO ][o.e.e.NodeEnvironment    ] [Z417L_e] heap size [1.9gb], compressed ordinary object pointers [true]
[2018-05-02T17:59:43,545][INFO ][o.e.n.Node               ] [Z417L_e] node name [Z417L_e] derived from node ID; set [node.name] to override
[2018-05-02T17:59:43,571][INFO ][o.e.n.Node               ] [Z417L_e] version[5.0.2], pid[5498], build[f6b4951/2016-11-24T10:07:18.101Z], OS[Linux/4.15.0-20-generic/amd64], JVM[Oracle Corporation/Java HotSpot(TM) 64-Bit Server VM/1.8.0_131/25.131-b11]
[2018-05-02T17:59:45,663][INFO ][o.e.p.PluginsService     ] [Z417L_e] loaded module [aggs-matrix-stats]
[2018-05-02T17:59:45,663][INFO ][o.e.p.PluginsService     ] [Z417L_e] loaded module [ingest-common]
[2018-05-02T17:59:45,664][INFO ][o.e.p.PluginsService     ] [Z417L_e] loaded module [lang-expression]
[2018-05-02T17:59:45,664][INFO ][o.e.p.PluginsService     ] [Z417L_e] loaded module [lang-groovy]
[2018-05-02T17:59:45,664][INFO ][o.e.p.PluginsService     ] [Z417L_e] loaded module [lang-mustache]
[2018-05-02T17:59:45,664][INFO ][o.e.p.PluginsService     ] [Z417L_e] loaded module [lang-painless]
[2018-05-02T17:59:45,664][INFO ][o.e.p.PluginsService     ] [Z417L_e] loaded module [percolator]
[2018-05-02T17:59:45,664][INFO ][o.e.p.PluginsService     ] [Z417L_e] loaded module [reindex]
[2018-05-02T17:59:45,664][INFO ][o.e.p.PluginsService     ] [Z417L_e] loaded module [transport-netty3]
[2018-05-02T17:59:45,664][INFO ][o.e.p.PluginsService     ] [Z417L_e] loaded module [transport-netty4]
[2018-05-02T17:59:45,665][INFO ][o.e.p.PluginsService     ] [Z417L_e] no plugins loaded
[2018-05-02T17:59:49,938][INFO ][o.e.n.Node               ] [Z417L_e] initialized
[2018-05-02T17:59:49,938][INFO ][o.e.n.Node               ] [Z417L_e] starting ...
[2018-05-02T17:59:50,262][INFO ][o.e.t.TransportService   ] [Z417L_e] publish_address {127.0.0.1:9300}, bound_addresses {[::1]:9300}, {127.0.0.1:9300}
[2018-05-02T17:59:50,268][WARN ][o.e.b.BootstrapCheck     ] [Z417L_e] max file descriptors [4096] for elasticsearch process is too low, increase to at least [65536]
[2018-05-02T17:59:50,268][WARN ][o.e.b.BootstrapCheck     ] [Z417L_e] max virtual memory areas vm.max_map_count [65530] is too low, increase to at least [262144]
[2018-05-02T17:59:53,392][INFO ][o.e.c.s.ClusterService   ] [Z417L_e] new_master {Z417L_e}{Z417L_eWTuWekqjU44BSpg}{3DxxG9spSGurNv4UV4Tn1A}{127.0.0.1}{127.0.0.1:9300}, reason: zen-disco-elected-as-master ([0] nodes joined)
[2018-05-02T17:59:53,545][INFO ][o.e.h.HttpServer         ] [Z417L_e] publish_address {127.0.0.1:9200}, bound_addresses {[::1]:9200}, {127.0.0.1:9200}
[2018-05-02T17:59:53,547][INFO ][o.e.n.Node               ] [Z417L_e] started
[2018-05-02T17:59:53,736][WARN ][r.suppressed             ] path: /tweets/tweet/_search, params: {size=1000, index=tweets, type=tweet}
org.elasticsearch.cluster.block.ClusterBlockException: blocked by: [SERVICE_UNAVAILABLE/1/state not recovered / initialized];
	at org.elasticsearch.cluster.block.ClusterBlocks.globalBlockedException(ClusterBlocks.java:161) ~[elasticsearch-5.0.2.jar:5.0.2]
	at org.elasticsearch.cluster.block.ClusterBlocks.globalBlockedRaiseException(ClusterBlocks.java:147) ~[elasticsearch-5.0.2.jar:5.0.2]
	at org.elasticsearch.action.search.AbstractSearchAsyncAction.<init>(AbstractSearchAsyncAction.java:93) ~[elasticsearch-5.0.2.jar:5.0.2]
	at org.elasticsearch.action.search.SearchQueryThenFetchAsyncAction.<init>(SearchQueryThenFetchAsyncAction.java:53) ~[elasticsearch-5.0.2.jar:5.0.2]
	at org.elasticsearch.action.search.TransportSearchAction.searchAsyncAction(TransportSearchAction.java:109) ~[elasticsearch-5.0.2.jar:5.0.2]
	at org.elasticsearch.action.search.TransportSearchAction.doExecute(TransportSearchAction.java:98) ~[elasticsearch-5.0.2.jar:5.0.2]
	at org.elasticsearch.action.search.TransportSearchAction.doExecute(TransportSearchAction.java:46) ~[elasticsearch-5.0.2.jar:5.0.2]
	at org.elasticsearch.action.support.TransportAction.doExecute(TransportAction.java:158) ~[elasticsearch-5.0.2.jar:5.0.2]
	at org.elasticsearch.action.support.TransportAction$RequestFilterChain.proceed(TransportAction.java:182) ~[elasticsearch-5.0.2.jar:5.0.2]
	at org.elasticsearch.action.ingest.IngestActionFilter.apply(IngestActionFilter.java:82) ~[elasticsearch-5.0.2.jar:5.0.2]
	at org.elasticsearch.action.support.TransportAction$RequestFilterChain.proceed(TransportAction.java:180) ~[elasticsearch-5.0.2.jar:5.0.2]
	at org.elasticsearch.action.support.TransportAction.execute(TransportAction.java:153) ~[elasticsearch-5.0.2.jar:5.0.2]
	at org.elasticsearch.action.support.TransportAction.execute(TransportAction.java:87) ~[elasticsearch-5.0.2.jar:5.0.2]
	at org.elasticsearch.client.node.NodeClient.executeLocally(NodeClient.java:75) ~[elasticsearch-5.0.2.jar:5.0.2]
	at org.elasticsearch.client.node.NodeClient.doExecute(NodeClient.java:64) ~[elasticsearch-5.0.2.jar:5.0.2]
	at org.elasticsearch.client.support.AbstractClient.execute(AbstractClient.java:403) ~[elasticsearch-5.0.2.jar:5.0.2]
	at org.elasticsearch.client.support.AbstractClient.search(AbstractClient.java:530) ~[elasticsearch-5.0.2.jar:5.0.2]
	at org.elasticsearch.rest.action.search.RestSearchAction.lambda$prepareRequest$0(RestSearchAction.java:83) ~[elasticsearch-5.0.2.jar:5.0.2]
	at org.elasticsearch.rest.BaseRestHandler.handleRequest(BaseRestHandler.java:114) [elasticsearch-5.0.2.jar:5.0.2]
	at org.elasticsearch.rest.RestController.executeHandler(RestController.java:243) [elasticsearch-5.0.2.jar:5.0.2]
	at org.elasticsearch.rest.RestController.dispatchRequest(RestController.java:200) [elasticsearch-5.0.2.jar:5.0.2]
	at org.elasticsearch.http.HttpServer.dispatchRequest(HttpServer.java:116) [elasticsearch-5.0.2.jar:5.0.2]
	at org.elasticsearch.http.netty4.Netty4HttpServerTransport.dispatchRequest(Netty4HttpServerTransport.java:509) [transport-netty4-5.0.2.jar:5.0.2]
	at org.elasticsearch.http.netty4.Netty4HttpRequestHandler.channelRead0(Netty4HttpRequestHandler.java:69) [transport-netty4-5.0.2.jar:5.0.2]
	at io.netty.channel.SimpleChannelInboundHandler.channelRead(SimpleChannelInboundHandler.java:105) [netty-transport-4.1.5.Final.jar:4.1.5.Final]
	at io.netty.channel.AbstractChannelHandlerContext.invokeChannelRead(AbstractChannelHandlerContext.java:372) [netty-transport-4.1.5.Final.jar:4.1.5.Final]
	at io.netty.channel.AbstractChannelHandlerContext.invokeChannelRead(AbstractChannelHandlerContext.java:358) [netty-transport-4.1.5.Final.jar:4.1.5.Final]
	at io.netty.channel.AbstractChannelHandlerContext.fireChannelRead(AbstractChannelHandlerContext.java:350) [netty-transport-4.1.5.Final.jar:4.1.5.Final]
	at org.elasticsearch.http.netty4.pipelining.HttpPipeliningHandler.channelRead(HttpPipeliningHandler.java:66) [transport-netty4-5.0.2.jar:5.0.2]
	at io.netty.channel.AbstractChannelHandlerContext.invokeChannelRead(AbstractChannelHandlerContext.java:372) [netty-transport-4.1.5.Final.jar:4.1.5.Final]
	at io.netty.channel.AbstractChannelHandlerContext.invokeChannelRead(AbstractChannelHandlerContext.java:358) [netty-transport-4.1.5.Final.jar:4.1.5.Final]
	at io.netty.channel.AbstractChannelHandlerContext.fireChannelRead(AbstractChannelHandlerContext.java:350) [netty-transport-4.1.5.Final.jar:4.1.5.Final]
	at io.netty.handler.codec.MessageToMessageDecoder.channelRead(MessageToMessageDecoder.java:102) [netty-codec-4.1.5.Final.jar:4.1.5.Final]
	at io.netty.handler.codec.MessageToMessageCodec.channelRead(MessageToMessageCodec.java:111) [netty-codec-4.1.5.Final.jar:4.1.5.Final]
	at io.netty.channel.AbstractChannelHandlerContext.invokeChannelRead(AbstractChannelHandlerContext.java:372) [netty-transport-4.1.5.Final.jar:4.1.5.Final]
	at io.netty.channel.AbstractChannelHandlerContext.invokeChannelRead(AbstractChannelHandlerContext.java:358) [netty-transport-4.1.5.Final.jar:4.1.5.Final]
	at io.netty.channel.AbstractChannelHandlerContext.fireChannelRead(AbstractChannelHandlerContext.java:350) [netty-transport-4.1.5.Final.jar:4.1.5.Final]
	at io.netty.handler.codec.MessageToMessageDecoder.channelRead(MessageToMessageDecoder.java:102) [netty-codec-4.1.5.Final.jar:4.1.5.Final]
	at io.netty.channel.AbstractChannelHandlerContext.invokeChannelRead(AbstractChannelHandlerContext.java:372) [netty-transport-4.1.5.Final.jar:4.1.5.Final]
	at io.netty.channel.AbstractChannelHandlerContext.invokeChannelRead(AbstractChannelHandlerContext.java:358) [netty-transport-4.1.5.Final.jar:4.1.5.Final]
	at io.netty.channel.AbstractChannelHandlerContext.fireChannelRead(AbstractChannelHandlerContext.java:350) [netty-transport-4.1.5.Final.jar:4.1.5.Final]
	at io.netty.handler.codec.MessageToMessageDecoder.channelRead(MessageToMessageDecoder.java:102) [netty-codec-4.1.5.Final.jar:4.1.5.Final]
	at io.netty.channel.AbstractChannelHandlerContext.invokeChannelRead(AbstractChannelHandlerContext.java:372) [netty-transport-4.1.5.Final.jar:4.1.5.Final]
	at io.netty.channel.AbstractChannelHandlerContext.invokeChannelRead(AbstractChannelHandlerContext.java:358) [netty-transport-4.1.5.Final.jar:4.1.5.Final]
	at io.netty.channel.AbstractChannelHandlerContext.fireChannelRead(AbstractChannelHandlerContext.java:350) [netty-transport-4.1.5.Final.jar:4.1.5.Final]
	at io.netty.handler.codec.ByteToMessageDecoder.fireChannelRead(ByteToMessageDecoder.java:293) [netty-codec-4.1.5.Final.jar:4.1.5.Final]
	at io.netty.handler.codec.ByteToMessageDecoder.channelRead(ByteToMessageDecoder.java:267) [netty-codec-4.1.5.Final.jar:4.1.5.Final]
	at io.netty.channel.AbstractChannelHandlerContext.invokeChannelRead(AbstractChannelHandlerContext.java:372) [netty-transport-4.1.5.Final.jar:4.1.5.Final]
	at io.netty.channel.AbstractChannelHandlerContext.invokeChannelRead(AbstractChannelHandlerContext.java:358) [netty-transport-4.1.5.Final.jar:4.1.5.Final]
	at io.netty.channel.AbstractChannelHandlerContext.fireChannelRead(AbstractChannelHandlerContext.java:350) [netty-transport-4.1.5.Final.jar:4.1.5.Final]
	at io.netty.channel.ChannelInboundHandlerAdapter.channelRead(ChannelInboundHandlerAdapter.java:86) [netty-transport-4.1.5.Final.jar:4.1.5.Final]
	at io.netty.channel.AbstractChannelHandlerContext.invokeChannelRead(AbstractChannelHandlerContext.java:372) [netty-transport-4.1.5.Final.jar:4.1.5.Final]
	at io.netty.channel.AbstractChannelHandlerContext.invokeChannelRead(AbstractChannelHandlerContext.java:358) [netty-transport-4.1.5.Final.jar:4.1.5.Final]
	at io.netty.channel.AbstractChannelHandlerContext.fireChannelRead(AbstractChannelHandlerContext.java:350) [netty-transport-4.1.5.Final.jar:4.1.5.Final]
	at io.netty.channel.DefaultChannelPipeline$HeadContext.channelRead(DefaultChannelPipeline.java:1334) [netty-transport-4.1.5.Final.jar:4.1.5.Final]
	at io.netty.channel.AbstractChannelHandlerContext.invokeChannelRead(AbstractChannelHandlerContext.java:372) [netty-transport-4.1.5.Final.jar:4.1.5.Final]
	at io.netty.channel.AbstractChannelHandlerContext.invokeChannelRead(AbstractChannelHandlerContext.java:358) [netty-transport-4.1.5.Final.jar:4.1.5.Final]
	at io.netty.channel.DefaultChannelPipeline.fireChannelRead(DefaultChannelPipeline.java:926) [netty-transport-4.1.5.Final.jar:4.1.5.Final]
	at io.netty.channel.nio.AbstractNioByteChannel$NioByteUnsafe.read(AbstractNioByteChannel.java:129) [netty-transport-4.1.5.Final.jar:4.1.5.Final]
	at io.netty.channel.nio.NioEventLoop.processSelectedKey(NioEventLoop.java:610) [netty-transport-4.1.5.Final.jar:4.1.5.Final]
	at io.netty.channel.nio.NioEventLoop.processSelectedKeysPlain(NioEventLoop.java:513) [netty-transport-4.1.5.Final.jar:4.1.5.Final]
	at io.netty.channel.nio.NioEventLoop.processSelectedKeys(NioEventLoop.java:467) [netty-transport-4.1.5.Final.jar:4.1.5.Final]
	at io.netty.channel.nio.NioEventLoop.run(NioEventLoop.java:437) [netty-transport-4.1.5.Final.jar:4.1.5.Final]
	at io.netty.util.concurrent.SingleThreadEventExecutor$5.run(SingleThreadEventExecutor.java:873) [netty-common-4.1.5.Final.jar:4.1.5.Final]
	at java.lang.Thread.run(Thread.java:748) [?:1.8.0_131]
[2018-05-02T17:59:55,007][INFO ][o.e.g.GatewayService     ] [Z417L_e] recovered [4] indices into cluster_state
[2018-05-02T18:00:01,004][INFO ][o.e.c.r.a.AllocationService] [Z417L_e] Cluster health status changed from [RED] to [YELLOW] (reason: [shards started [[app][4]] ...]).
[2018-05-02T21:48:07,768][INFO ][o.e.c.m.MetaDataCreateIndexService] [Z417L_e] [facebook] creating index, cause [auto(bulk api)], templates [], shards [5]/[1], mappings []
[2018-05-02T21:48:09,288][INFO ][o.e.c.m.MetaDataMappingService] [Z417L_e] [facebook/57aWB_GuRTKw21TbcoDjZg] create_mapping [tweet]
[2018-05-02T22:51:12,836][INFO ][o.e.c.m.MetaDataCreateIndexService] [Z417L_e] [obama] creating index, cause [auto(bulk api)], templates [], shards [5]/[1], mappings []
[2018-05-02T22:51:14,248][INFO ][o.e.c.m.MetaDataMappingService] [Z417L_e] [obama/ISWDLSHjTvG6aZfR8vqnyw] create_mapping [tweet]
