[2018-03-11T10:13:48,764][INFO ][o.e.n.Node               ] [] initializing ...
[2018-03-11T10:13:49,287][INFO ][o.e.e.NodeEnvironment    ] [Z417L_e] using [1] data paths, mounts [[/ (/dev/sda6)]], net usable_space [216.5gb], net total_space [274gb], spins? [possibly], types [ext4]
[2018-03-11T10:13:49,289][INFO ][o.e.e.NodeEnvironment    ] [Z417L_e] heap size [1.9gb], compressed ordinary object pointers [true]
[2018-03-11T10:13:49,389][INFO ][o.e.n.Node               ] [Z417L_e] node name [Z417L_e] derived from node ID; set [node.name] to override
[2018-03-11T10:13:49,408][INFO ][o.e.n.Node               ] [Z417L_e] version[5.0.2], pid[14186], build[f6b4951/2016-11-24T10:07:18.101Z], OS[Linux/4.13.0-36-generic/amd64], JVM[Oracle Corporation/Java HotSpot(TM) 64-Bit Server VM/1.8.0_131/25.131-b11]
[2018-03-11T10:13:51,162][INFO ][o.e.p.PluginsService     ] [Z417L_e] loaded module [aggs-matrix-stats]
[2018-03-11T10:13:51,162][INFO ][o.e.p.PluginsService     ] [Z417L_e] loaded module [ingest-common]
[2018-03-11T10:13:51,162][INFO ][o.e.p.PluginsService     ] [Z417L_e] loaded module [lang-expression]
[2018-03-11T10:13:51,162][INFO ][o.e.p.PluginsService     ] [Z417L_e] loaded module [lang-groovy]
[2018-03-11T10:13:51,162][INFO ][o.e.p.PluginsService     ] [Z417L_e] loaded module [lang-mustache]
[2018-03-11T10:13:51,162][INFO ][o.e.p.PluginsService     ] [Z417L_e] loaded module [lang-painless]
[2018-03-11T10:13:51,162][INFO ][o.e.p.PluginsService     ] [Z417L_e] loaded module [percolator]
[2018-03-11T10:13:51,162][INFO ][o.e.p.PluginsService     ] [Z417L_e] loaded module [reindex]
[2018-03-11T10:13:51,162][INFO ][o.e.p.PluginsService     ] [Z417L_e] loaded module [transport-netty3]
[2018-03-11T10:13:51,163][INFO ][o.e.p.PluginsService     ] [Z417L_e] loaded module [transport-netty4]
[2018-03-11T10:13:51,163][INFO ][o.e.p.PluginsService     ] [Z417L_e] no plugins loaded
[2018-03-11T10:13:55,125][INFO ][o.e.n.Node               ] [Z417L_e] initialized
[2018-03-11T10:13:55,125][INFO ][o.e.n.Node               ] [Z417L_e] starting ...
[2018-03-11T10:13:56,397][INFO ][o.e.t.TransportService   ] [Z417L_e] publish_address {127.0.0.1:9300}, bound_addresses {[::1]:9300}, {127.0.0.1:9300}
[2018-03-11T10:13:56,404][WARN ][o.e.b.BootstrapCheck     ] [Z417L_e] max file descriptors [4096] for elasticsearch process is too low, increase to at least [65536]
[2018-03-11T10:13:56,404][WARN ][o.e.b.BootstrapCheck     ] [Z417L_e] max virtual memory areas vm.max_map_count [65530] is too low, increase to at least [262144]
[2018-03-11T10:13:59,558][INFO ][o.e.c.s.ClusterService   ] [Z417L_e] new_master {Z417L_e}{Z417L_eWTuWekqjU44BSpg}{CyX7LUlcTfyMYX--ACPImA}{127.0.0.1}{127.0.0.1:9300}, reason: zen-disco-elected-as-master ([0] nodes joined)
[2018-03-11T10:13:59,652][INFO ][o.e.h.HttpServer         ] [Z417L_e] publish_address {127.0.0.1:9200}, bound_addresses {[::1]:9200}, {127.0.0.1:9200}
[2018-03-11T10:13:59,652][INFO ][o.e.n.Node               ] [Z417L_e] started
[2018-03-11T10:14:00,693][INFO ][o.e.g.GatewayService     ] [Z417L_e] recovered [1] indices into cluster_state
[2018-03-11T10:14:03,046][INFO ][o.e.c.r.a.AllocationService] [Z417L_e] Cluster health status changed from [RED] to [YELLOW] (reason: [shards started [[app][3]] ...]).
[2018-03-11T10:52:51,108][INFO ][o.e.n.Node               ] [Z417L_e] stopping ...
[2018-03-11T10:52:51,288][INFO ][o.e.n.Node               ] [Z417L_e] stopped
[2018-03-11T10:52:51,290][INFO ][o.e.n.Node               ] [Z417L_e] closing ...
[2018-03-11T10:52:51,475][INFO ][o.e.n.Node               ] [Z417L_e] closed
[2018-03-11T11:15:42,856][INFO ][o.e.n.Node               ] [] initializing ...
[2018-03-11T11:15:43,357][INFO ][o.e.e.NodeEnvironment    ] [Z417L_e] using [1] data paths, mounts [[/ (/dev/sda6)]], net usable_space [216.4gb], net total_space [274gb], spins? [possibly], types [ext4]
[2018-03-11T11:15:43,359][INFO ][o.e.e.NodeEnvironment    ] [Z417L_e] heap size [1.9gb], compressed ordinary object pointers [true]
[2018-03-11T11:15:43,422][INFO ][o.e.n.Node               ] [Z417L_e] node name [Z417L_e] derived from node ID; set [node.name] to override
[2018-03-11T11:15:43,432][INFO ][o.e.n.Node               ] [Z417L_e] version[5.0.2], pid[3138], build[f6b4951/2016-11-24T10:07:18.101Z], OS[Linux/4.13.0-36-generic/amd64], JVM[Oracle Corporation/Java HotSpot(TM) 64-Bit Server VM/1.8.0_131/25.131-b11]
[2018-03-11T11:15:45,876][INFO ][o.e.p.PluginsService     ] [Z417L_e] loaded module [aggs-matrix-stats]
[2018-03-11T11:15:45,876][INFO ][o.e.p.PluginsService     ] [Z417L_e] loaded module [ingest-common]
[2018-03-11T11:15:45,877][INFO ][o.e.p.PluginsService     ] [Z417L_e] loaded module [lang-expression]
[2018-03-11T11:15:45,877][INFO ][o.e.p.PluginsService     ] [Z417L_e] loaded module [lang-groovy]
[2018-03-11T11:15:45,877][INFO ][o.e.p.PluginsService     ] [Z417L_e] loaded module [lang-mustache]
[2018-03-11T11:15:45,877][INFO ][o.e.p.PluginsService     ] [Z417L_e] loaded module [lang-painless]
[2018-03-11T11:15:45,877][INFO ][o.e.p.PluginsService     ] [Z417L_e] loaded module [percolator]
[2018-03-11T11:15:45,877][INFO ][o.e.p.PluginsService     ] [Z417L_e] loaded module [reindex]
[2018-03-11T11:15:45,877][INFO ][o.e.p.PluginsService     ] [Z417L_e] loaded module [transport-netty3]
[2018-03-11T11:15:45,877][INFO ][o.e.p.PluginsService     ] [Z417L_e] loaded module [transport-netty4]
[2018-03-11T11:15:45,878][INFO ][o.e.p.PluginsService     ] [Z417L_e] no plugins loaded
[2018-03-11T11:15:49,976][INFO ][o.e.n.Node               ] [Z417L_e] initialized
[2018-03-11T11:15:49,976][INFO ][o.e.n.Node               ] [Z417L_e] starting ...
[2018-03-11T11:15:50,296][INFO ][o.e.t.TransportService   ] [Z417L_e] publish_address {127.0.0.1:9300}, bound_addresses {[::1]:9300}, {127.0.0.1:9300}
[2018-03-11T11:15:50,300][WARN ][o.e.b.BootstrapCheck     ] [Z417L_e] max file descriptors [4096] for elasticsearch process is too low, increase to at least [65536]
[2018-03-11T11:15:50,301][WARN ][o.e.b.BootstrapCheck     ] [Z417L_e] max virtual memory areas vm.max_map_count [65530] is too low, increase to at least [262144]
[2018-03-11T11:15:53,480][INFO ][o.e.c.s.ClusterService   ] [Z417L_e] new_master {Z417L_e}{Z417L_eWTuWekqjU44BSpg}{UvDndcjHSWWQ7R5BcmeMDQ}{127.0.0.1}{127.0.0.1:9300}, reason: zen-disco-elected-as-master ([0] nodes joined)
[2018-03-11T11:15:53,637][INFO ][o.e.h.HttpServer         ] [Z417L_e] publish_address {127.0.0.1:9200}, bound_addresses {[::1]:9200}, {127.0.0.1:9200}
[2018-03-11T11:15:53,638][INFO ][o.e.n.Node               ] [Z417L_e] started
[2018-03-11T11:15:54,230][INFO ][o.e.g.GatewayService     ] [Z417L_e] recovered [1] indices into cluster_state
[2018-03-11T11:15:56,848][INFO ][o.e.c.r.a.AllocationService] [Z417L_e] Cluster health status changed from [RED] to [YELLOW] (reason: [shards started [[app][3]] ...]).
[2018-03-11T17:31:23,171][INFO ][o.e.m.j.JvmGcMonitorService] [Z417L_e] [gc][22520] overhead, spent [404ms] collecting in the last [1.5s]
[2018-03-11T20:19:35,914][INFO ][o.e.n.Node               ] [Z417L_e] stopping ...
[2018-03-11T20:19:39,714][INFO ][o.e.n.Node               ] [Z417L_e] stopped
[2018-03-11T20:19:39,715][INFO ][o.e.n.Node               ] [Z417L_e] closing ...
[2018-03-11T20:19:40,274][INFO ][o.e.n.Node               ] [Z417L_e] closed
