[2018-04-26T00:01:05,243][INFO ][o.e.c.m.MetaDataCreateIndexService] [Z417L_e] [tweets] creating index, cause [auto(bulk api)], templates [], shards [5]/[1], mappings []
[2018-04-26T00:01:06,469][INFO ][o.e.c.m.MetaDataMappingService] [Z417L_e] [tweets/uSvoTPYBRmeRv3kUNldkig] create_mapping [tweet]
[2018-04-26T00:03:36,918][INFO ][o.e.c.m.MetaDataCreateIndexService] [Z417L_e] [tweets] creating index, cause [auto(bulk api)], templates [], shards [5]/[1], mappings []
[2018-04-26T00:03:38,141][INFO ][o.e.c.m.MetaDataMappingService] [Z417L_e] [tweets/3D1z7FMkQHGYhMRTWA_ePw] create_mapping [tweet]
[2018-04-26T00:04:33,272][INFO ][o.e.c.m.MetaDataCreateIndexService] [Z417L_e] [tweets] creating index, cause [auto(bulk api)], templates [], shards [5]/[1], mappings []
[2018-04-26T00:04:34,457][INFO ][o.e.c.m.MetaDataMappingService] [Z417L_e] [tweets/r5Uz_j0fRa2eGhLXKDkOVQ] create_mapping [tweet]
[2018-04-26T00:05:12,324][INFO ][o.e.c.m.MetaDataCreateIndexService] [Z417L_e] [tweets] creating index, cause [auto(bulk api)], templates [], shards [5]/[1], mappings []
[2018-04-26T00:05:13,654][INFO ][o.e.c.m.MetaDataMappingService] [Z417L_e] [tweets/xx5rVAbMQSOBpC-iw0o19Q] create_mapping [tweet]
[2018-04-26T00:05:58,433][INFO ][o.e.c.m.MetaDataCreateIndexService] [Z417L_e] [tweets] creating index, cause [auto(bulk api)], templates [], shards [5]/[1], mappings []
[2018-04-26T00:05:59,724][INFO ][o.e.c.m.MetaDataMappingService] [Z417L_e] [tweets/kRZrOo1jR2iZh_3vrdXaEA] create_mapping [tweet]
[2018-04-26T00:06:57,742][INFO ][o.e.c.m.MetaDataCreateIndexService] [Z417L_e] [tweets] creating index, cause [auto(bulk api)], templates [], shards [5]/[1], mappings []
[2018-04-26T00:06:59,017][INFO ][o.e.c.m.MetaDataMappingService] [Z417L_e] [tweets/pd44Cg7kRwe5LuDOAfuB3Q] create_mapping [tweet]
[2018-04-26T00:07:21,242][INFO ][o.e.c.m.MetaDataCreateIndexService] [Z417L_e] [tweets] creating index, cause [auto(bulk api)], templates [], shards [5]/[1], mappings []
[2018-04-26T00:07:22,498][INFO ][o.e.c.m.MetaDataMappingService] [Z417L_e] [tweets/PWLigD9CR9-L9KB5FWU3bQ] create_mapping [tweet]
[2018-04-26T00:08:08,639][INFO ][o.e.c.m.MetaDataCreateIndexService] [Z417L_e] [tweets] creating index, cause [auto(bulk api)], templates [], shards [5]/[1], mappings []
[2018-04-26T00:08:09,828][INFO ][o.e.c.m.MetaDataMappingService] [Z417L_e] [tweets/PvG7AVWYT8CPQScOWqTd0Q] create_mapping [tweet]
[2018-04-26T00:09:28,167][INFO ][o.e.c.m.MetaDataCreateIndexService] [Z417L_e] [tweets] creating index, cause [auto(bulk api)], templates [], shards [5]/[1], mappings []
[2018-04-26T00:09:29,489][INFO ][o.e.c.m.MetaDataMappingService] [Z417L_e] [tweets/ZBNaT1H3S3qkXhf70LE4Yg] create_mapping [tweet]
[2018-04-26T00:11:09,847][INFO ][o.e.c.m.MetaDataCreateIndexService] [Z417L_e] [tweets] creating index, cause [auto(bulk api)], templates [], shards [5]/[1], mappings []
[2018-04-26T00:11:11,592][INFO ][o.e.c.m.MetaDataMappingService] [Z417L_e] [tweets/9gSgBQsbRyaXrBAqaZsBwQ] create_mapping [tweet]
[2018-04-26T00:11:53,326][INFO ][o.e.c.m.MetaDataCreateIndexService] [Z417L_e] [tweets] creating index, cause [auto(bulk api)], templates [], shards [5]/[1], mappings []
[2018-04-26T00:11:54,549][INFO ][o.e.c.m.MetaDataMappingService] [Z417L_e] [tweets/tCR81zrpRV2_UxMhdCmPwQ] create_mapping [tweet]
[2018-04-26T00:14:21,970][INFO ][o.e.c.m.MetaDataCreateIndexService] [Z417L_e] [tweets] creating index, cause [auto(bulk api)], templates [], shards [5]/[1], mappings []
[2018-04-26T00:14:23,176][INFO ][o.e.c.m.MetaDataMappingService] [Z417L_e] [tweets/v9HBEM4LTXaxHskG199NWg] create_mapping [tweet]
[2018-04-26T00:14:50,274][INFO ][o.e.c.m.MetaDataCreateIndexService] [Z417L_e] [tweets] creating index, cause [auto(bulk api)], templates [], shards [5]/[1], mappings []
[2018-04-26T00:14:51,457][INFO ][o.e.c.m.MetaDataMappingService] [Z417L_e] [tweets/IaivBJvtTrmSqVvQjegGRQ] create_mapping [tweet]
[2018-04-26T00:16:49,448][INFO ][o.e.c.m.MetaDataCreateIndexService] [Z417L_e] [tweets] creating index, cause [auto(bulk api)], templates [], shards [5]/[1], mappings []
[2018-04-26T00:16:50,694][INFO ][o.e.c.m.MetaDataMappingService] [Z417L_e] [tweets/p8iyp4-pT4CdYHnBSt1T9w] create_mapping [tweet]
[2018-04-26T00:29:48,868][INFO ][o.e.c.m.MetaDataCreateIndexService] [Z417L_e] [tweets] creating index, cause [auto(bulk api)], templates [], shards [5]/[1], mappings []
[2018-04-26T00:29:50,128][INFO ][o.e.c.m.MetaDataMappingService] [Z417L_e] [tweets/ARo5PA6qTc-UO25jWl6oHw] create_mapping [tweet]
[2018-04-26T00:31:18,189][INFO ][o.e.c.m.MetaDataCreateIndexService] [Z417L_e] [tweets] creating index, cause [auto(bulk api)], templates [], shards [5]/[1], mappings []
[2018-04-26T00:31:19,458][INFO ][o.e.c.m.MetaDataMappingService] [Z417L_e] [tweets/0dq2DujASBeXNF1f48pvKg] create_mapping [tweet]
[2018-04-26T00:35:15,077][INFO ][o.e.c.m.MetaDataCreateIndexService] [Z417L_e] [tweets] creating index, cause [auto(bulk api)], templates [], shards [5]/[1], mappings []
[2018-04-26T00:35:16,532][INFO ][o.e.c.m.MetaDataMappingService] [Z417L_e] [tweets/00JDG303RPy6IZw4bXu-Hw] create_mapping [tweet]
[2018-04-26T00:36:19,783][INFO ][o.e.c.m.MetaDataCreateIndexService] [Z417L_e] [tweets] creating index, cause [auto(bulk api)], templates [], shards [5]/[1], mappings []
[2018-04-26T00:36:21,034][INFO ][o.e.c.m.MetaDataMappingService] [Z417L_e] [tweets/T9dhNVDdSc2Ardvqp200GQ] create_mapping [tweet]
[2018-04-26T00:37:29,185][INFO ][o.e.c.m.MetaDataCreateIndexService] [Z417L_e] [tweets] creating index, cause [auto(bulk api)], templates [], shards [5]/[1], mappings []
[2018-04-26T00:37:30,410][INFO ][o.e.c.m.MetaDataMappingService] [Z417L_e] [tweets/_52HdeKmR2G6cP6X7IeKkQ] create_mapping [tweet]
[2018-04-26T00:39:28,338][INFO ][o.e.c.m.MetaDataCreateIndexService] [Z417L_e] [tweets] creating index, cause [auto(bulk api)], templates [], shards [5]/[1], mappings []
[2018-04-26T00:39:29,527][INFO ][o.e.c.m.MetaDataMappingService] [Z417L_e] [tweets/0GGKSwmNQn6K5WMpjO8Mnw] create_mapping [tweet]
[2018-04-26T00:40:22,310][INFO ][o.e.c.m.MetaDataCreateIndexService] [Z417L_e] [tweets] creating index, cause [auto(bulk api)], templates [], shards [5]/[1], mappings []
[2018-04-26T00:40:23,577][INFO ][o.e.c.m.MetaDataMappingService] [Z417L_e] [tweets/5a2dQh0nScuNGkwkUMGDKw] create_mapping [tweet]
[2018-04-26T00:41:05,774][INFO ][o.e.c.m.MetaDataCreateIndexService] [Z417L_e] [tweets] creating index, cause [auto(bulk api)], templates [], shards [5]/[1], mappings []
[2018-04-26T00:41:06,981][INFO ][o.e.c.m.MetaDataMappingService] [Z417L_e] [tweets/LZngn480TZyNrXY4QgQl6Q] create_mapping [tweet]
[2018-04-26T00:41:51,418][INFO ][o.e.c.m.MetaDataCreateIndexService] [Z417L_e] [tweets] creating index, cause [auto(bulk api)], templates [], shards [5]/[1], mappings []
[2018-04-26T00:41:52,584][INFO ][o.e.c.m.MetaDataMappingService] [Z417L_e] [tweets/lVbahw7QQEaa8RkVvpvcqw] create_mapping [tweet]
[2018-04-26T00:42:24,026][INFO ][o.e.c.m.MetaDataCreateIndexService] [Z417L_e] [tweets] creating index, cause [auto(bulk api)], templates [], shards [5]/[1], mappings []
[2018-04-26T00:42:25,307][INFO ][o.e.c.m.MetaDataMappingService] [Z417L_e] [tweets/R9TYT77WQd6kjujSC_YQSA] create_mapping [tweet]
[2018-04-26T00:43:22,877][INFO ][o.e.c.m.MetaDataCreateIndexService] [Z417L_e] [tweets] creating index, cause [auto(bulk api)], templates [], shards [5]/[1], mappings []
[2018-04-26T00:43:24,066][INFO ][o.e.c.m.MetaDataMappingService] [Z417L_e] [tweets/_lxMJoVsTzSyFSgAVeI9og] create_mapping [tweet]
[2018-04-26T00:43:49,563][INFO ][o.e.c.m.MetaDataCreateIndexService] [Z417L_e] [tweets] creating index, cause [auto(bulk api)], templates [], shards [5]/[1], mappings []
[2018-04-26T00:43:50,745][INFO ][o.e.c.m.MetaDataMappingService] [Z417L_e] [tweets/4wFEqX76QjewJYMKz5l3cg] create_mapping [tweet]
[2018-04-26T00:44:46,720][INFO ][o.e.c.m.MetaDataCreateIndexService] [Z417L_e] [tweets] creating index, cause [auto(bulk api)], templates [], shards [5]/[1], mappings []
[2018-04-26T00:44:47,930][INFO ][o.e.c.m.MetaDataMappingService] [Z417L_e] [tweets/nJKuW0brSiO9MHbm5tZtUA] create_mapping [tweet]
[2018-04-26T00:45:43,871][INFO ][o.e.c.m.MetaDataCreateIndexService] [Z417L_e] [tweets] creating index, cause [auto(bulk api)], templates [], shards [5]/[1], mappings []
[2018-04-26T00:45:45,451][INFO ][o.e.c.m.MetaDataMappingService] [Z417L_e] [tweets/8IcLmSVlS_CSF-S46D2hTg] create_mapping [tweet]
[2018-04-26T00:45:52,429][INFO ][o.e.c.m.MetaDataCreateIndexService] [Z417L_e] [tweets] creating index, cause [auto(bulk api)], templates [], shards [5]/[1], mappings []
[2018-04-26T00:45:53,668][INFO ][o.e.c.m.MetaDataMappingService] [Z417L_e] [tweets/bcYs4TqGQiGifI1zJTj9GA] create_mapping [tweet]
[2018-04-26T00:46:12,107][INFO ][o.e.c.m.MetaDataCreateIndexService] [Z417L_e] [tweets] creating index, cause [auto(bulk api)], templates [], shards [5]/[1], mappings []
[2018-04-26T00:46:13,348][INFO ][o.e.c.m.MetaDataMappingService] [Z417L_e] [tweets/vnUT2OaRSNyoyy71B1fpVQ] create_mapping [tweet]
[2018-04-26T01:38:31,157][INFO ][o.e.n.Node               ] [Z417L_e] stopping ...
[2018-04-26T01:38:31,497][INFO ][o.e.n.Node               ] [Z417L_e] stopped
[2018-04-26T01:38:31,498][INFO ][o.e.n.Node               ] [Z417L_e] closing ...
[2018-04-26T01:38:31,519][INFO ][o.e.n.Node               ] [Z417L_e] closed
[2018-04-26T10:28:23,386][INFO ][o.e.n.Node               ] [] initializing ...
[2018-04-26T10:28:24,396][INFO ][o.e.e.NodeEnvironment    ] [Z417L_e] using [1] data paths, mounts [[/ (/dev/sda6)]], net usable_space [210.8gb], net total_space [274gb], spins? [possibly], types [ext4]
[2018-04-26T10:28:24,397][INFO ][o.e.e.NodeEnvironment    ] [Z417L_e] heap size [1.9gb], compressed ordinary object pointers [true]
[2018-04-26T10:28:24,547][INFO ][o.e.n.Node               ] [Z417L_e] node name [Z417L_e] derived from node ID; set [node.name] to override
[2018-04-26T10:28:24,639][INFO ][o.e.n.Node               ] [Z417L_e] version[5.0.2], pid[1787], build[f6b4951/2016-11-24T10:07:18.101Z], OS[Linux/4.13.0-36-generic/amd64], JVM[Oracle Corporation/Java HotSpot(TM) 64-Bit Server VM/1.8.0_131/25.131-b11]
[2018-04-26T10:28:26,960][INFO ][o.e.p.PluginsService     ] [Z417L_e] loaded module [aggs-matrix-stats]
[2018-04-26T10:28:26,961][INFO ][o.e.p.PluginsService     ] [Z417L_e] loaded module [ingest-common]
[2018-04-26T10:28:26,961][INFO ][o.e.p.PluginsService     ] [Z417L_e] loaded module [lang-expression]
[2018-04-26T10:28:26,961][INFO ][o.e.p.PluginsService     ] [Z417L_e] loaded module [lang-groovy]
[2018-04-26T10:28:26,961][INFO ][o.e.p.PluginsService     ] [Z417L_e] loaded module [lang-mustache]
[2018-04-26T10:28:26,961][INFO ][o.e.p.PluginsService     ] [Z417L_e] loaded module [lang-painless]
[2018-04-26T10:28:26,961][INFO ][o.e.p.PluginsService     ] [Z417L_e] loaded module [percolator]
[2018-04-26T10:28:26,961][INFO ][o.e.p.PluginsService     ] [Z417L_e] loaded module [reindex]
[2018-04-26T10:28:26,961][INFO ][o.e.p.PluginsService     ] [Z417L_e] loaded module [transport-netty3]
[2018-04-26T10:28:26,961][INFO ][o.e.p.PluginsService     ] [Z417L_e] loaded module [transport-netty4]
[2018-04-26T10:28:26,962][INFO ][o.e.p.PluginsService     ] [Z417L_e] no plugins loaded
[2018-04-26T10:28:34,518][INFO ][o.e.n.Node               ] [Z417L_e] initialized
[2018-04-26T10:28:34,518][INFO ][o.e.n.Node               ] [Z417L_e] starting ...
[2018-04-26T10:28:35,582][INFO ][o.e.t.TransportService   ] [Z417L_e] publish_address {127.0.0.1:9300}, bound_addresses {[::1]:9300}, {127.0.0.1:9300}
[2018-04-26T10:28:35,588][WARN ][o.e.b.BootstrapCheck     ] [Z417L_e] max file descriptors [4096] for elasticsearch process is too low, increase to at least [65536]
[2018-04-26T10:28:35,588][WARN ][o.e.b.BootstrapCheck     ] [Z417L_e] max virtual memory areas vm.max_map_count [65530] is too low, increase to at least [262144]
[2018-04-26T10:28:38,772][INFO ][o.e.c.s.ClusterService   ] [Z417L_e] new_master {Z417L_e}{Z417L_eWTuWekqjU44BSpg}{NYVjM-mURC2sPfcp1lmkRA}{127.0.0.1}{127.0.0.1:9300}, reason: zen-disco-elected-as-master ([0] nodes joined)
[2018-04-26T10:28:39,453][INFO ][o.e.h.HttpServer         ] [Z417L_e] publish_address {127.0.0.1:9200}, bound_addresses {[::1]:9200}, {127.0.0.1:9200}
[2018-04-26T10:28:39,453][INFO ][o.e.n.Node               ] [Z417L_e] started
[2018-04-26T10:28:41,747][INFO ][o.e.g.GatewayService     ] [Z417L_e] recovered [2] indices into cluster_state
[2018-04-26T10:28:49,395][INFO ][o.e.c.r.a.AllocationService] [Z417L_e] Cluster health status changed from [RED] to [YELLOW] (reason: [shards started [[app][0]] ...]).
[2018-04-26T10:35:03,666][INFO ][o.e.c.m.MetaDataCreateIndexService] [Z417L_e] [tweets] creating index, cause [auto(bulk api)], templates [], shards [5]/[1], mappings []
[2018-04-26T10:35:04,931][INFO ][o.e.c.m.MetaDataMappingService] [Z417L_e] [tweets/da5s0D0XTvyYX9J7xDTstQ] create_mapping [tweet]
[2018-04-26T14:48:01,246][INFO ][o.e.n.Node               ] [Z417L_e] stopping ...
[2018-04-26T14:48:01,346][INFO ][o.e.n.Node               ] [Z417L_e] stopped
[2018-04-26T14:48:01,348][INFO ][o.e.n.Node               ] [Z417L_e] closing ...
[2018-04-26T14:48:01,367][INFO ][o.e.n.Node               ] [Z417L_e] closed
